#
# A fatal error has been detected by the Java Runtime Environment:
#
#  EXCEPTION_ACCESS_VIOLATION (0xc0000005) at pc=0x00007ffff407d69a, pid=9384, tid=12536
#
# JRE version: OpenJDK Runtime Environment Temurin-17.0.2+8 (17.0.2+8) (build 17.0.2+8)
# Java VM: OpenJDK 64-Bit Server VM Temurin-17.0.2+8 (17.0.2+8, mixed mode, tiered, compressed oops, compressed class ptrs, g1 gc, windows-amd64)
# Problematic frame:
# V  [jvm.dll+0x79d69a]
#
# No core dump will be written. Minidumps are not enabled by default on client versions of Windows
#
# If you would like to submit a bug report, please visit:
#   https://github.com/adoptium/adoptium-support/issues
#

---------------  S U M M A R Y ------------

Command Line: -XX:+ShowCodeDetailsInExceptionMessages -agentlib:jdwp=transport=dt_socket,suspend=y,address=localhost:57007 -ea -Dfile.encoding=Cp1252 org.testng.remote.RemoteTestNG -serport 50275 -protocol json -d D:\latest\guidewireTestAutomationSuite\test-output D:\latest\guidewireTestAutomationSuite\testxml\sample.xml

Host: Intel(R) Core(TM) i5-6200U CPU @ 2.30GHz, 4 cores, 7G,  Windows 10 , 64 bit Build 19041 (10.0.19041.1889)
Time: Wed Sep 21 23:38:06 2022 India Standard Time elapsed time: 259.653719 seconds (0d 0h 4m 19s)

---------------  T H R E A D  ---------------

Current thread (0x0000020b7df10570):  JavaThread "JDWP Transport Listener: dt_socket" daemon [_thread_in_vm, id=12536, stack(0x000000f258600000,0x000000f258700000)]

Stack: [0x000000f258600000,0x000000f258700000],  sp=0x000000f2586ff600,  free space=1021k
Native frames: (J=compiled Java code, j=interpreted, Vv=VM code, C=native code)
V  [jvm.dll+0x79d69a]
V  [jvm.dll+0x50842c]
V  [jvm.dll+0x4cfa94]
C  [jdwp.dll+0x22dff]


siginfo: EXCEPTION_ACCESS_VIOLATION (0xc0000005), reading address 0x0000000000bf00c0


Register to memory mapping:

RIP=0x00007ffff407d69a jvm.dll
RAX=0x00000000000000c0 is an unknown value
RBX=0x0000020b7dc2b464 points into unknown readable memory: 00 00 00 00
RCX=0x0000000000bf00bc is an unknown value
RDX=0x0000020b7e3ef110 points into unknown readable memory: 0x7073612f6d6f634c | 4c 63 6f 6d 2f 61 73 70
RSP=0x000000f2586ff600 is pointing into the stack for thread: 0x0000020b7df10570
RBP=0x0000020b7df1f280 points into unknown readable memory: 0x0000000000000002 | 02 00 00 00 00 00 00 00
RSI=0x0 is NULL
RDI=0xffffffffffffffff is an unknown value
R8 =0x0000000000000014 is an unknown value
R9 =0x0000000000000040 is an unknown value
R10=0x0 is NULL
R11=0x000000f2586ff620 is pointing into the stack for thread: 0x0000020b7df10570
R12=0x000000f2586ff758 is pointing into the stack for thread: 0x0000020b7df10570
R13=0x0 is NULL
R14=0x00000001004b72f8 is a pointer to class: 
com.aspire.guidewire.pages.SubmissionDeclinedPage {0x00000001004b7300}
 - instance size:     5
 - klass size:        73
 - access:            public synchronized 
 - state:             fully_initialized
 - name:              'com/aspire/guidewire/pages/SubmissionDeclinedPage'
 - super:             'org/openqa/selenium/support/ui/LoadableComponent'
 - sub:               
 - arrays:            NULL
 - methods:           Array<T>(0x0000020b12cb4a20)
 - method ordering:   Array<T>(0x0000020b12cb5278)
 - default_methods:   Array<T>(0x0000000000000000)
 - local interfaces:  Array<T>(0x0000020b7d400058)
 - trans. interfaces: Array<T>(0x0000020b7d400058)
 - constants:         constant pool [193] {0x0000020b12cb60f8} for 'com/aspire/guidewire/pages/SubmissionDeclinedPage' cache=0x0000020b12cb67d0
 - class loader data:  loader data: 0x0000020b7d1a2380 for instance a 'jdk/internal/loader/ClassLoaders$AppClassLoader'{0x0000000082322a00}
 - source file:       'SubmissionDeclinedPage.java'
 - class annotations:       Array<T>(0x0000000000000000)
 - class type annotations:  Array<T>(0x0000000000000000)
 - field annotations:       Array<T>(0x0000020b12cb4938)
 - field type annotations:  Array<T>(0x0000000000000000)
 - generic signature: '
[error occurred during error reporting (printing register info), id 0xc0000005, EXCEPTION_ACCESS_VIOLATION (0xc0000005) at pc=0x00007ffff407e2a6]

Registers:
RAX=0x00000000000000c0, RBX=0x0000020b7dc2b464, RCX=0x0000000000bf00bc, RDX=0x0000020b7e3ef110
RSP=0x000000f2586ff600, RBP=0x0000020b7df1f280, RSI=0x0000000000000000, RDI=0xffffffffffffffff
R8 =0x0000000000000014, R9 =0x0000000000000040, R10=0x0000000000000000, R11=0x000000f2586ff620
R12=0x000000f2586ff758, R13=0x0000000000000000, R14=0x00000001004b72f8, R15=0x000000f2586ff7a8
RIP=0x00007ffff407d69a, EFLAGS=0x0000000000010206

Top of Stack: (sp=0x000000f2586ff600)
0x000000f2586ff600:   0000000000000031 00000001004b72f8
0x000000f2586ff610:   0000020b7df10570 0000000000000000
0x000000f2586ff620:   ffffffffffffffff 00007ffff3de842c
0x000000f2586ff630:   0000020b7dc2b464 0000020b7dc2b430
0x000000f2586ff640:   0000020b7df1f280 0000020b10817fa0
0x000000f2586ff650:   0000020b7dc2b3e0 00000000000003d8
0x000000f2586ff660:   0000020b7dc2b3f0 0000020b7dc2b7c8
0x000000f2586ff670:   0000000000000002 000000f2586ff758
0x000000f2586ff680:   0000000000000000 0000000000000000
0x000000f2586ff690:   0000000084601198 00007ffff3dafa94
0x000000f2586ff6a0:   0000020b7df10570 000000f2586ff7a8
0x000000f2586ff6b0:   0000020b72aaf2b0 000000f2586ff7a8
0x000000f2586ff6c0:   0000020b7df10570 0000000000000000
0x000000f2586ff6d0:   0000020b00000000 0000000000000000
0x000000f2586ff6e0:   000000000000000d 00007ff8395b2dff
0x000000f2586ff6f0:   000000f2586ff7a0 00007ff8395c1aa0 

Instructions: (pc=0x00007ffff407d69a)
0x00007ffff407d59a:   48 83 c4 20 5f e9 4c 8d 90 ff cc cc cc cc cc cc
0x00007ffff407d5aa:   cc cc cc cc cc cc 48 89 5c 24 08 57 48 83 ec 20
0x00007ffff407d5ba:   83 fa 02 8d 42 06 b9 08 00 00 00 49 8b d8 0f 4e
0x00007ffff407d5ca:   c1 48 63 c8 48 83 c1 07 83 e1 f8 48 63 f9 49 8b
0x00007ffff407d5da:   48 18 48 8b c7 48 f7 d0 48 3b c1 73 16 4c 8d 05
0x00007ffff407d5ea:   da 4c 17 00 48 8b d7 48 8b cb e8 57 f0 90 ff 48
0x00007ffff407d5fa:   8b 4b 18 48 8d 04 39 48 3b 43 20 76 18 45 33 c0
0x00007ffff407d60a:   48 8b d7 48 8b cb 48 8b 5c 24 30 48 83 c4 20 5f
0x00007ffff407d61a:   e9 b1 ec 90 ff 48 89 43 18 48 8b c1 48 8b 5c 24
0x00007ffff407d62a:   30 48 83 c4 20 5f c3 cc cc cc cc cc cc cc cc cc
0x00007ffff407d63a:   cc cc cc cc cc cc 4c 8b d2 4c 8b d9 45 85 c0 7e
0x00007ffff407d64a:   3c 44 0f b7 49 04 41 8d 40 ff 41 3b c1 44 0f 4c
0x00007ffff407d65a:   c8 4d 63 c1 45 85 c9 7e 1f 48 8b c2 4c 2b da 49
0x00007ffff407d66a:   8b d0 0f 1f 40 00 41 0f b6 4c 03 06 88 08 48 8d
0x00007ffff407d67a:   40 01 48 83 ea 01 75 ee 43 c6 04 10 00 49 8b c2
0x00007ffff407d68a:   c3 cc cc cc cc cc 48 89 5c 24 08 57 48 83 ec 20
0x00007ffff407d69a:   0f b7 59 04 48 8b f9 33 d2 48 8d 4b 01 e8 84 df
0x00007ffff407d6aa:   f2 ff 0f b7 57 04 4c 8b c0 3b da 0f 42 d3 44 8b
0x00007ffff407d6ba:   ca 85 d2 74 39 48 2b f8 0f 1f 40 00 66 66 0f 1f
0x00007ffff407d6ca:   84 00 00 00 00 00 0f b6 4c 07 06 88 08 48 ff c0
0x00007ffff407d6da:   48 8b c8 49 2b c8 49 3b c9 7c eb 42 c6 04 02 00
0x00007ffff407d6ea:   49 8b c0 48 8b 5c 24 30 48 83 c4 20 5f c3 48 8b
0x00007ffff407d6fa:   5c 24 30 c6 04 02 00 48 83 c4 20 5f c3 cc cc cc
0x00007ffff407d70a:   cc cc cc cc cc cc 4c 8b d1 45 85 c0 7e 6c 44 0f
0x00007ffff407d71a:   b7 49 04 41 8d 40 ff 41 3b c1 44 0f 4c c8 4d 63
0x00007ffff407d72a:   d9 45 85 c9 7e 22 48 8b ca 4c 2b d2 4d 8b c3 0f
0x00007ffff407d73a:   1f 80 00 00 00 00 41 0f b6 44 0a 06 88 01 48 8d
0x00007ffff407d74a:   49 01 49 83 e8 01 75 ee 41 c6 04 13 00 48 c7 c0
0x00007ffff407d75a:   ff ff ff ff 66 90 48 ff c0 80 3c 02 00 75 f7 48
0x00007ffff407d76a:   63 c8 85 c0 48 8b c2 7e 14 80 38 2f 75 03 c6 00
0x00007ffff407d77a:   2e 48 ff c0 48 83 e9 01 75 ef 48 8b c2 c3 cc cc
0x00007ffff407d78a:   cc cc cc cc cc cc 48 83 ec 28 e8 f7 fe ff ff 4c 


Stack slot to memory mapping:
stack at sp + 0 slots: 0x0000000000000031 is an unknown value
stack at sp + 1 slots: 0x00000001004b72f8 is a pointer to class: 
com.aspire.guidewire.pages.SubmissionDeclinedPage {0x00000001004b7300}
 - instance size:     5
 - klass size:        73
 - access:            public synchronized 
 - state:             fully_initialized
 - name:              'com/aspire/guidewire/pages/SubmissionDeclinedPage'
 - super:             'org/openqa/selenium/support/ui/LoadableComponent'
 - sub:               
 - arrays:            NULL
 - methods:           Array<T>(0x0000020b12cb4a20)
 - method ordering:   Array<T>(0x0000020b12cb5278)
 - default_methods:   Array<T>(0x0000000000000000)
 - local interfaces:  Array<T>(0x0000020b7d400058)
 - trans. interfaces: Array<T>(0x0000020b7d400058)
 - constants:         constant pool [193] {0x0000020b12cb60f8} for 'com/aspire/guidewire/pages/SubmissionDeclinedPage' cache=0x0000020b12cb67d0
 - class loader data:  loader data: 0x0000020b7d1a2380 for instance a 'jdk/internal/loader/ClassLoaders$AppClassLoader'{0x0000000082322a00}
 - source file:       'SubmissionDeclinedPage.java'
 - class annotations:       Array<T>(0x0000000000000000)
 - class type annotations:  Array<T>(0x0000000000000000)
 - field annotations:       Array<T>(0x0000020b12cb4938)
 - field type annotations:  Array<T>(0x0000000000000000)
 - generic signature: '
[error occurred during error reporting (inspecting top of stack), id 0xc0000005, EXCEPTION_ACCESS_VIOLATION (0xc0000005) at pc=0x00007ffff407e2a6]


---------------  P R O C E S S  ---------------

Threads class SMR info:
_java_thread_list=0x0000020b10819fb0, length=27, elements={
0x0000020b72abfd30, 0x0000020b7d154fd0, 0x0000020b7d158190, 0x0000020b7d1ab6b0,
0x0000020b7d1ad720, 0x0000020b7d1adfe0, 0x0000020b7dc1df60, 0x0000020b7dc244d0,
0x0000020b7dc29630, 0x0000020b7dc2a6d0, 0x0000020b7df10570, 0x0000020b7df262a0,
0x0000020b7df2b1c0, 0x0000020b7df30940, 0x0000020b7df65920, 0x0000020b7e5c3d10,
0x0000020b7f492480, 0x0000020b7f9d3d20, 0x0000020b10399630, 0x0000020b1139ddb0,
0x0000020b7f7d93d0, 0x0000020b7f7d98a0, 0x0000020b7f7da240, 0x0000020b7f7dabe0,
0x0000020b7f7d8560, 0x0000020b7f7d8a30, 0x0000020b7f7db580
}

Java Threads: ( => current thread )
  0x0000020b72abfd30 JavaThread "main" [_thread_blocked, id=7364, stack(0x000000f257600000,0x000000f257700000)]
  0x0000020b7d154fd0 JavaThread "Reference Handler" daemon [_thread_blocked, id=8000, stack(0x000000f257d00000,0x000000f257e00000)]
  0x0000020b7d158190 JavaThread "Finalizer" daemon [_thread_blocked, id=7396, stack(0x000000f257e00000,0x000000f257f00000)]
  0x0000020b7d1ab6b0 JavaThread "Signal Dispatcher" daemon [_thread_blocked, id=14936, stack(0x000000f257f00000,0x000000f258000000)]
  0x0000020b7d1ad720 JavaThread "Attach Listener" daemon [_thread_blocked, id=12628, stack(0x000000f258000000,0x000000f258100000)]
  0x0000020b7d1adfe0 JavaThread "Service Thread" daemon [_thread_blocked, id=11300, stack(0x000000f258100000,0x000000f258200000)]
  0x0000020b7dc1df60 JavaThread "Monitor Deflation Thread" daemon [_thread_blocked, id=14736, stack(0x000000f258200000,0x000000f258300000)]
  0x0000020b7dc244d0 JavaThread "C2 CompilerThread0" daemon [_thread_blocked, id=11864, stack(0x000000f258300000,0x000000f258400000)]
  0x0000020b7dc29630 JavaThread "C1 CompilerThread0" daemon [_thread_blocked, id=12520, stack(0x000000f258400000,0x000000f258500000)]
  0x0000020b7dc2a6d0 JavaThread "Sweeper thread" daemon [_thread_blocked, id=6840, stack(0x000000f258500000,0x000000f258600000)]
=>0x0000020b7df10570 JavaThread "JDWP Transport Listener: dt_socket" daemon [_thread_in_vm, id=12536, stack(0x000000f258600000,0x000000f258700000)]
  0x0000020b7df262a0 JavaThread "JDWP Event Helper Thread" daemon [_thread_blocked, id=15212, stack(0x000000f258700000,0x000000f258800000)]
  0x0000020b7df2b1c0 JavaThread "JDWP Command Reader" daemon [_thread_in_native, id=14968, stack(0x000000f258800000,0x000000f258900000)]
  0x0000020b7df30940 JavaThread "Notification Thread" daemon [_thread_blocked, id=268, stack(0x000000f258900000,0x000000f258a00000)]
  0x0000020b7df65920 JavaThread "Common-Cleaner" daemon [_thread_blocked, id=6204, stack(0x000000f258b00000,0x000000f258c00000)]
  0x0000020b7e5c3d10 JavaThread "ReaderThread" [_thread_in_native, id=5968, stack(0x000000f259100000,0x000000f259200000)]
  0x0000020b7f492480 JavaThread "TestNG-PoolService-0" [_thread_blocked, id=12456, stack(0x000000f258c00000,0x000000f258d00000)]
  0x0000020b7f9d3d20 JavaThread "AsyncHttpClient-1-1" daemon [_thread_blocked, id=12124, stack(0x000000f259400000,0x000000f259500000)]
  0x0000020b10399630 JavaThread "Exec Default Executor" daemon [_thread_in_native, id=14224, stack(0x000000f259500000,0x000000f259600000)]
  0x0000020b1139ddb0 JavaThread "Driver Service Executor" daemon [_thread_blocked, id=14672, stack(0x000000f259600000,0x000000f259700000)]
  0x0000020b7f7d93d0 JavaThread "Driver Service Executor" daemon [_thread_blocked, id=11444, stack(0x000000f259700000,0x000000f259800000)]
  0x0000020b7f7d98a0 JavaThread "Exec Stream Pumper" daemon [_thread_in_native, id=10112, stack(0x000000f259200000,0x000000f259300000)]
  0x0000020b7f7da240 JavaThread "Exec Stream Pumper" daemon [_thread_in_native, id=11216, stack(0x000000f259900000,0x000000f259a00000)]
  0x0000020b7f7dabe0 JavaThread "AsyncHttpClient-1-2" daemon [_thread_in_native, id=14412, stack(0x000000f259b00000,0x000000f259c00000)]
  0x0000020b7f7d8560 JavaThread "AsyncHttpClient-1-3" daemon [_thread_in_native, id=6896, stack(0x000000f259a00000,0x000000f259b00000)]
  0x0000020b7f7d8a30 JavaThread "AsyncHttpClient-1-4" daemon [_thread_in_native, id=15248, stack(0x000000f259c00000,0x000000f259d00000)]
  0x0000020b7f7db580 JavaThread "AsyncHttpClient-1-5" daemon [_thread_in_native, id=10440, stack(0x000000f257300000,0x000000f257400000)]

Other Threads:
  0x0000020b7d14f1a0 VMThread "VM Thread" [stack: 0x000000f257c00000,0x000000f257d00000] [id=8632]
  0x0000020b7df49820 WatcherThread [stack: 0x000000f258a00000,0x000000f258b00000] [id=12444]
  0x0000020b72b009a0 GCTaskThread "GC Thread#0" [stack: 0x000000f257700000,0x000000f257800000] [id=14772]
  0x0000020b7e962050 GCTaskThread "GC Thread#1" [stack: 0x000000f258d00000,0x000000f258e00000] [id=9272]
  0x0000020b7e962300 GCTaskThread "GC Thread#2" [stack: 0x000000f258e00000,0x000000f258f00000] [id=12048]
  0x0000020b7ee9ac50 GCTaskThread "GC Thread#3" [stack: 0x000000f258f00000,0x000000f259000000] [id=10488]
  0x0000020b72b11c10 ConcurrentGCThread "G1 Main Marker" [stack: 0x000000f257800000,0x000000f257900000] [id=14164]
  0x0000020b72b12530 ConcurrentGCThread "G1 Conc#0" [stack: 0x000000f257900000,0x000000f257a00000] [id=9024]
  0x0000020b72b78c60 ConcurrentGCThread "G1 Refine#0" [stack: 0x000000f257a00000,0x000000f257b00000] [id=7160]
  0x0000020b7cfc01f0 ConcurrentGCThread "G1 Service" [stack: 0x000000f257b00000,0x000000f257c00000] [id=10156]

Threads with active compile tasks:

VM state: not at safepoint (normal execution)

VM Mutex/Monitor currently owned by a thread: None

Heap address: 0x0000000081c00000, size: 2020 MB, Compressed Oops mode: 32-bit

CDS archive(s) not mapped
Compressed class space mapped at: 0x0000000100000000-0x0000000140000000, reserved size: 1073741824
Narrow klass base: 0x0000000000000000, Narrow klass shift: 3, Narrow klass range: 0x140000000

GC Precious Log:
 CPUs: 4 total, 4 available
 Memory: 8075M
 Large Page Support: Disabled
 NUMA Support: Disabled
 Compressed Oops: Enabled (32-bit)
 Heap Region Size: 1M
 Heap Min Capacity: 8M
 Heap Initial Capacity: 128M
 Heap Max Capacity: 2020M
 Pre-touch: Disabled
 Parallel Workers: 4
 Concurrent Workers: 1
 Concurrent Refinement Workers: 4
 Periodic GC: Disabled

Heap:
 garbage-first heap   total 61440K, used 32830K [0x0000000081c00000, 0x0000000100000000)
  region size 1024K, 2 young (2048K), 1 survivors (1024K)
 Metaspace       used 42372K, committed 42688K, reserved 1089536K
  class space    used 4715K, committed 4864K, reserved 1048576K

Heap Regions: E=young(eden), S=young(survivor), O=old, HS=humongous(starts), HC=humongous(continues), CS=collection set, F=free, OA=open archive, CA=closed archive, TAMS=top-at-mark-start (previous, next)
|   0|0x0000000081c00000, 0x0000000081d00000, 0x0000000081d00000|100%| O|  |TAMS 0x0000000081d00000, 0x0000000081c00000| Untracked 
|   1|0x0000000081d00000, 0x0000000081e00000, 0x0000000081e00000|100%| O|  |TAMS 0x0000000081e00000, 0x0000000081d00000| Untracked 
|   2|0x0000000081e00000, 0x0000000081f00000, 0x0000000081f00000|100%| O|  |TAMS 0x0000000081f00000, 0x0000000081e00000| Untracked 
|   3|0x0000000081f00000, 0x0000000082000000, 0x0000000082000000|100%| O|  |TAMS 0x0000000082000000, 0x0000000081f00000| Untracked 
|   4|0x0000000082000000, 0x0000000082100000, 0x0000000082100000|100%| O|  |TAMS 0x0000000082100000, 0x0000000082000000| Untracked 
|   5|0x0000000082100000, 0x0000000082200000, 0x0000000082200000|100%| O|  |TAMS 0x0000000082200000, 0x0000000082100000| Untracked 
|   6|0x0000000082200000, 0x0000000082300000, 0x0000000082300000|100%| O|  |TAMS 0x0000000082300000, 0x0000000082200000| Untracked 
|   7|0x0000000082300000, 0x0000000082400000, 0x0000000082400000|100%| O|  |TAMS 0x0000000082400000, 0x0000000082300000| Untracked 
|   8|0x0000000082400000, 0x0000000082500000, 0x0000000082500000|100%| O|  |TAMS 0x0000000082500000, 0x0000000082400000| Untracked 
|   9|0x0000000082500000, 0x0000000082515600, 0x0000000082600000|  8%| O|  |TAMS 0x0000000082515600, 0x0000000082500000| Untracked 
|  10|0x0000000082600000, 0x0000000082700000, 0x0000000082700000|100%| O|  |TAMS 0x0000000082700000, 0x0000000082600000| Untracked 
|  11|0x0000000082700000, 0x0000000082800000, 0x0000000082800000|100%| O|  |TAMS 0x0000000082800000, 0x0000000082700000| Untracked 
|  12|0x0000000082800000, 0x0000000082900000, 0x0000000082900000|100%| O|  |TAMS 0x0000000082900000, 0x0000000082800000| Untracked 
|  13|0x0000000082900000, 0x0000000082a00000, 0x0000000082a00000|100%| O|  |TAMS 0x0000000082a00000, 0x0000000082900000| Untracked 
|  14|0x0000000082a00000, 0x0000000082b00000, 0x0000000082b00000|100%| O|  |TAMS 0x0000000082b00000, 0x0000000082a00000| Untracked 
|  15|0x0000000082b00000, 0x0000000082c00000, 0x0000000082c00000|100%| O|  |TAMS 0x0000000082c00000, 0x0000000082b00000| Untracked 
|  16|0x0000000082c00000, 0x0000000082d00000, 0x0000000082d00000|100%| O|  |TAMS 0x0000000082d00000, 0x0000000082c00000| Untracked 
|  17|0x0000000082d00000, 0x0000000082e00000, 0x0000000082e00000|100%| O|  |TAMS 0x0000000082e00000, 0x0000000082d00000| Untracked 
|  18|0x0000000082e00000, 0x0000000082f00000, 0x0000000082f00000|100%| O|  |TAMS 0x0000000082f00000, 0x0000000082e00000| Untracked 
|  19|0x0000000082f00000, 0x0000000083000000, 0x0000000083000000|100%| O|  |TAMS 0x0000000083000000, 0x0000000082f00000| Untracked 
|  20|0x0000000083000000, 0x0000000083100000, 0x0000000083100000|100%| O|  |TAMS 0x0000000083100000, 0x0000000083000000| Untracked 
|  21|0x0000000083100000, 0x0000000083200000, 0x0000000083200000|100%| O|  |TAMS 0x0000000083200000, 0x0000000083100000| Untracked 
|  22|0x0000000083200000, 0x0000000083300000, 0x0000000083300000|100%|HS|  |TAMS 0x0000000083300000, 0x0000000083200000| Complete 
|  23|0x0000000083300000, 0x0000000083400000, 0x0000000083400000|100%|HC|  |TAMS 0x0000000083400000, 0x0000000083300000| Complete 
|  24|0x0000000083400000, 0x0000000083500000, 0x0000000083500000|100%|HC|  |TAMS 0x0000000083500000, 0x0000000083400000| Complete 
|  25|0x0000000083500000, 0x0000000083600000, 0x0000000083600000|100%|HC|  |TAMS 0x0000000083600000, 0x0000000083500000| Complete 
|  26|0x0000000083600000, 0x0000000083700000, 0x0000000083700000|100%|HC|  |TAMS 0x0000000083700000, 0x0000000083600000| Complete 
|  27|0x0000000083700000, 0x0000000083702200, 0x0000000083800000|  0%| O|  |TAMS 0x0000000083702200, 0x0000000083700000| Untracked 
|  28|0x0000000083800000, 0x0000000083900000, 0x0000000083900000|100%|HS|  |TAMS 0x0000000083800000, 0x0000000083800000| Complete 
|  29|0x0000000083900000, 0x0000000083a00000, 0x0000000083a00000|100%|HC|  |TAMS 0x0000000083900000, 0x0000000083900000| Complete 
|  30|0x0000000083a00000, 0x0000000083b00000, 0x0000000083b00000|100%|HC|  |TAMS 0x0000000083a00000, 0x0000000083a00000| Complete 
|  31|0x0000000083b00000, 0x0000000083c00000, 0x0000000083c00000|100%|HC|  |TAMS 0x0000000083b00000, 0x0000000083b00000| Complete 
|  32|0x0000000083c00000, 0x0000000083d00000, 0x0000000083d00000|100%|HC|  |TAMS 0x0000000083c00000, 0x0000000083c00000| Complete 
|  33|0x0000000083d00000, 0x0000000083d00000, 0x0000000083e00000|  0%| F|  |TAMS 0x0000000083d00000, 0x0000000083d00000| Untracked 
|  34|0x0000000083e00000, 0x0000000083e00000, 0x0000000083f00000|  0%| F|  |TAMS 0x0000000083e00000, 0x0000000083e00000| Untracked 
|  35|0x0000000083f00000, 0x0000000083f00000, 0x0000000084000000|  0%| F|  |TAMS 0x0000000083f00000, 0x0000000083f00000| Untracked 
|  36|0x0000000084000000, 0x0000000084000000, 0x0000000084100000|  0%| F|  |TAMS 0x0000000084000000, 0x0000000084000000| Untracked 
|  37|0x0000000084100000, 0x0000000084100000, 0x0000000084200000|  0%| F|  |TAMS 0x0000000084100000, 0x0000000084100000| Untracked 
|  38|0x0000000084200000, 0x0000000084200000, 0x0000000084300000|  0%| F|  |TAMS 0x0000000084200000, 0x0000000084200000| Untracked 
|  39|0x0000000084300000, 0x0000000084300000, 0x0000000084400000|  0%| F|  |TAMS 0x0000000084300000, 0x0000000084300000| Untracked 
|  40|0x0000000084400000, 0x0000000084400000, 0x0000000084500000|  0%| F|  |TAMS 0x0000000084400000, 0x0000000084400000| Untracked 
|  41|0x0000000084500000, 0x0000000084500000, 0x0000000084600000|  0%| F|  |TAMS 0x0000000084500000, 0x0000000084500000| Untracked 
|  42|0x0000000084600000, 0x00000000846f83a0, 0x0000000084700000| 96%| S|CS|TAMS 0x0000000084600000, 0x0000000084600000| Complete 
|  43|0x0000000084700000, 0x0000000084700000, 0x0000000084800000|  0%| F|  |TAMS 0x0000000084700000, 0x0000000084700000| Untracked 
|  44|0x0000000084800000, 0x0000000084800000, 0x0000000084900000|  0%| F|  |TAMS 0x0000000084800000, 0x0000000084800000| Untracked 
|  45|0x0000000084900000, 0x0000000084900000, 0x0000000084a00000|  0%| F|  |TAMS 0x0000000084900000, 0x0000000084900000| Untracked 
|  46|0x0000000084a00000, 0x0000000084a00000, 0x0000000084b00000|  0%| F|  |TAMS 0x0000000084a00000, 0x0000000084a00000| Untracked 
|  47|0x0000000084b00000, 0x0000000084b00000, 0x0000000084c00000|  0%| F|  |TAMS 0x0000000084b00000, 0x0000000084b00000| Untracked 
|  48|0x0000000084c00000, 0x0000000084c00000, 0x0000000084d00000|  0%| F|  |TAMS 0x0000000084c00000, 0x0000000084c00000| Untracked 
|  49|0x0000000084d00000, 0x0000000084d00000, 0x0000000084e00000|  0%| F|  |TAMS 0x0000000084d00000, 0x0000000084d00000| Untracked 
|  50|0x0000000084e00000, 0x0000000084e00000, 0x0000000084f00000|  0%| F|  |TAMS 0x0000000084e00000, 0x0000000084e00000| Untracked 
|  51|0x0000000084f00000, 0x0000000084f00000, 0x0000000085000000|  0%| F|  |TAMS 0x0000000084f00000, 0x0000000084f00000| Untracked 
|  52|0x0000000085000000, 0x0000000085000000, 0x0000000085100000|  0%| F|  |TAMS 0x0000000085000000, 0x0000000085000000| Untracked 
|  53|0x0000000085100000, 0x0000000085100000, 0x0000000085200000|  0%| F|  |TAMS 0x0000000085100000, 0x0000000085100000| Untracked 
|  54|0x0000000085200000, 0x0000000085200000, 0x0000000085300000|  0%| F|  |TAMS 0x0000000085200000, 0x0000000085200000| Untracked 
| 115|0x0000000088f00000, 0x0000000088f00000, 0x0000000089000000|  0%| F|  |TAMS 0x0000000088f00000, 0x0000000088f00000| Untracked 
| 116|0x0000000089000000, 0x0000000089000000, 0x0000000089100000|  0%| F|  |TAMS 0x0000000089000000, 0x0000000089000000| Untracked 
| 117|0x0000000089100000, 0x0000000089100000, 0x0000000089200000|  0%| F|  |TAMS 0x0000000089100000, 0x0000000089100000| Untracked 
| 118|0x0000000089200000, 0x0000000089200000, 0x0000000089300000|  0%| F|  |TAMS 0x0000000089200000, 0x0000000089200000| Untracked 
| 127|0x0000000089b00000, 0x0000000089bb0aa0, 0x0000000089c00000| 69%| E|  |TAMS 0x0000000089b00000, 0x0000000089b00000| Complete 

Card table byte_map: [0x0000020b76560000,0x0000020b76960000] _byte_map_base: 0x0000020b76152000

Marking Bits (Prev, Next): (CMBitMap*) 0x0000020b72b00f00, (CMBitMap*) 0x0000020b72b00ec0
 Prev Bits: [0x0000020b78cf0000, 0x0000020b7ac80000)
 Next Bits: [0x0000020b76d60000, 0x0000020b78cf0000)

Polling page: 0x0000020b70a00000

Metaspace:

Usage:
  Non-class:     36.77 MB used.
      Class:      4.61 MB used.
       Both:     41.38 MB used.

Virtual space:
  Non-class space:       40.00 MB reserved,      36.94 MB ( 92%) committed,  5 nodes.
      Class space:        1.00 GB reserved,       4.75 MB ( <1%) committed,  1 nodes.
             Both:        1.04 GB reserved,      41.69 MB (  4%) committed. 

Chunk freelists:
   Non-Class:  2.28 MB
       Class:  3.29 MB
        Both:  5.57 MB

MaxMetaspaceSize: unlimited
CompressedClassSpaceSize: 1.00 GB
Initial GC threshold: 21.00 MB
Current GC threshold: 69.38 MB
CDS: off
MetaspaceReclaimPolicy: balanced
 - commit_granule_bytes: 65536.
 - commit_granule_words: 8192.
 - virtual_space_node_default_size: 1048576.
 - enlarge_chunks_in_place: 1.
 - new_chunks_are_fully_committed: 0.
 - uncommit_free_chunks: 1.
 - use_allocation_guard: 0.
 - handle_deallocations: 1.


Internal statistics:

num_allocs_failed_limit: 6.
num_arena_births: 302.
num_arena_deaths: 0.
num_vsnodes_births: 6.
num_vsnodes_deaths: 0.
num_space_committed: 667.
num_space_uncommitted: 0.
num_chunks_returned_to_freelist: 6.
num_chunks_taken_from_freelist: 1260.
num_chunk_merges: 3.
num_chunk_splits: 850.
num_chunks_enlarged: 649.
num_purges: 0.
num_inconsistent_stats: 0.

CodeHeap 'non-profiled nmethods': size=120000Kb used=2846Kb max_used=2846Kb free=117153Kb
 bounds [0x0000020b07ad0000, 0x0000020b07da0000, 0x0000020b0f000000]
CodeHeap 'profiled nmethods': size=120000Kb used=12048Kb max_used=12048Kb free=107951Kb
 bounds [0x0000020b005a0000, 0x0000020b01170000, 0x0000020b07ad0000]
CodeHeap 'non-nmethods': size=5760Kb used=1382Kb max_used=1464Kb free=4377Kb
 bounds [0x0000020b00000000, 0x0000020b00270000, 0x0000020b005a0000]
 total_blobs=6375 nmethods=5741 adapters=546
 compilation: enabled
              stopped_count=0, restarted_count=0
 full_count=0

Compilation events (20 events):
Event: 150.423 Thread 0x0000020b7dc29630 5738       3       java.util.concurrent.ConcurrentLinkedDeque$Itr::<init> (11 bytes)
Event: 150.423 Thread 0x0000020b7dc29630 nmethod 5738 0x0000020b0115fc90 code [0x0000020b0115fe40, 0x0000020b01160108]
Event: 157.009 Thread 0x0000020b7dc29630 5739       3       java.util.concurrent.ConcurrentHashMap$ValueIterator::<init> (12 bytes)
Event: 157.010 Thread 0x0000020b7dc29630 nmethod 5739 0x0000020b01160210 code [0x0000020b011603a0, 0x0000020b01160528]
Event: 214.688 Thread 0x0000020b7dc29630 5740       3       io.netty.channel.DefaultChannelPromise::addListener (8 bytes)
Event: 214.688 Thread 0x0000020b7dc244d0 5741       4       io.netty.util.internal.InternalThreadLocalMap::indexedVariable (21 bytes)
Event: 214.688 Thread 0x0000020b7dc29630 nmethod 5740 0x0000020b01160610 code [0x0000020b011607a0, 0x0000020b011608e8]
Event: 214.689 Thread 0x0000020b7dc29630 5742       3       io.netty.util.internal.MathUtil::safeFindNextPositivePowerOfTwo (24 bytes)
Event: 214.689 Thread 0x0000020b7dc29630 nmethod 5742 0x0000020b01160990 code [0x0000020b01160b40, 0x0000020b01160d08]
Event: 214.689 Thread 0x0000020b7dc29630 5743       3       io.netty.buffer.PoolThreadCache$MemoryRegionCache::<init> (29 bytes)
Event: 214.689 Thread 0x0000020b7dc244d0 nmethod 5741 0x0000020b07d97090 code [0x0000020b07d97200, 0x0000020b07d972d8]
Event: 214.690 Thread 0x0000020b7dc29630 nmethod 5743 0x0000020b01160d90 code [0x0000020b01160fc0, 0x0000020b01161818]
Event: 214.690 Thread 0x0000020b7dc29630 5744       3       io.netty.util.internal.PlatformDependent::newFixedMpscQueue (26 bytes)
Event: 214.690 Thread 0x0000020b7dc29630 nmethod 5744 0x0000020b01161b90 code [0x0000020b01161d80, 0x0000020b011622e8]
Event: 214.691 Thread 0x0000020b7dc244d0 5745       4       io.netty.util.Recycler$LocalPool::claim (34 bytes)
Event: 214.697 Thread 0x0000020b7dc244d0 nmethod 5745 0x0000020b07d97410 code [0x0000020b07d975a0, 0x0000020b07d977d8]
Event: 220.810 Thread 0x0000020b7dc29630 5747       3       org.asynchttpclient.netty.channel.DefaultChannelPool$IdleChannelDetector::closeChannels (141 bytes)
Event: 220.813 Thread 0x0000020b7dc29630 nmethod 5747 0x0000020b01162590 code [0x0000020b01162840, 0x0000020b01163878]
Event: 220.813 Thread 0x0000020b7dc29630 5746       3       java.util.concurrent.ConcurrentLinkedDeque$Itr::startNode (8 bytes)
Event: 220.813 Thread 0x0000020b7dc29630 nmethod 5746 0x0000020b01163e10 code [0x0000020b01163fc0, 0x0000020b01164128]

GC Heap History (20 events):
Event: 95.581 GC heap before
{Heap before GC invocations=27 (full 0):
 garbage-first heap   total 61440K, used 47003K [0x0000000081c00000, 0x0000000100000000)
  region size 1024K, 22 young (22528K), 3 survivors (3072K)
 Metaspace       used 42153K, committed 42496K, reserved 1089536K
  class space    used 4704K, committed 4864K, reserved 1048576K
}
Event: 95.582 GC heap after
{Heap after GC invocations=28 (full 0):
 garbage-first heap   total 61440K, used 28150K [0x0000000081c00000, 0x0000000100000000)
  region size 1024K, 2 young (2048K), 2 survivors (2048K)
 Metaspace       used 42153K, committed 42496K, reserved 1089536K
  class space    used 4704K, committed 4864K, reserved 1048576K
}
Event: 98.091 GC heap before
{Heap before GC invocations=28 (full 0):
 garbage-first heap   total 61440K, used 47606K [0x0000000081c00000, 0x0000000100000000)
  region size 1024K, 22 young (22528K), 2 survivors (2048K)
 Metaspace       used 42207K, committed 42496K, reserved 1089536K
  class space    used 4706K, committed 4864K, reserved 1048576K
}
Event: 98.092 GC heap after
{Heap after GC invocations=29 (full 0):
 garbage-first heap   total 61440K, used 27410K [0x0000000081c00000, 0x0000000100000000)
  region size 1024K, 1 young (1024K), 1 survivors (1024K)
 Metaspace       used 42207K, committed 42496K, reserved 1089536K
  class space    used 4706K, committed 4864K, reserved 1048576K
}
Event: 106.587 GC heap before
{Heap before GC invocations=29 (full 0):
 garbage-first heap   total 61440K, used 47890K [0x0000000081c00000, 0x0000000100000000)
  region size 1024K, 22 young (22528K), 1 survivors (1024K)
 Metaspace       used 42238K, committed 42560K, reserved 1089536K
  class space    used 4709K, committed 4864K, reserved 1048576K
}
Event: 106.589 GC heap after
{Heap after GC invocations=30 (full 0):
 garbage-first heap   total 61440K, used 27595K [0x0000000081c00000, 0x0000000100000000)
  region size 1024K, 1 young (1024K), 1 survivors (1024K)
 Metaspace       used 42238K, committed 42560K, reserved 1089536K
  class space    used 4709K, committed 4864K, reserved 1048576K
}
Event: 112.955 GC heap before
{Heap before GC invocations=30 (full 0):
 garbage-first heap   total 61440K, used 48075K [0x0000000081c00000, 0x0000000100000000)
  region size 1024K, 22 young (22528K), 1 survivors (1024K)
 Metaspace       used 42266K, committed 42560K, reserved 1089536K
  class space    used 4710K, committed 4864K, reserved 1048576K
}
Event: 112.957 GC heap after
{Heap after GC invocations=31 (full 0):
 garbage-first heap   total 61440K, used 27609K [0x0000000081c00000, 0x0000000100000000)
  region size 1024K, 1 young (1024K), 1 survivors (1024K)
 Metaspace       used 42266K, committed 42560K, reserved 1089536K
  class space    used 4710K, committed 4864K, reserved 1048576K
}
Event: 118.772 GC heap before
{Heap before GC invocations=31 (full 0):
 garbage-first heap   total 61440K, used 48089K [0x0000000081c00000, 0x0000000100000000)
  region size 1024K, 22 young (22528K), 1 survivors (1024K)
 Metaspace       used 42290K, committed 42560K, reserved 1089536K
  class space    used 4711K, committed 4864K, reserved 1048576K
}
Event: 118.773 GC heap after
{Heap after GC invocations=32 (full 0):
 garbage-first heap   total 61440K, used 28280K [0x0000000081c00000, 0x0000000100000000)
  region size 1024K, 2 young (2048K), 2 survivors (2048K)
 Metaspace       used 42290K, committed 42560K, reserved 1089536K
  class space    used 4711K, committed 4864K, reserved 1048576K
}
Event: 121.327 GC heap before
{Heap before GC invocations=32 (full 0):
 garbage-first heap   total 61440K, used 47736K [0x0000000081c00000, 0x0000000100000000)
  region size 1024K, 22 young (22528K), 2 survivors (2048K)
 Metaspace       used 42307K, committed 42624K, reserved 1089536K
  class space    used 4713K, committed 4864K, reserved 1048576K
}
Event: 121.329 GC heap after
{Heap after GC invocations=33 (full 0):
 garbage-first heap   total 61440K, used 27509K [0x0000000081c00000, 0x0000000100000000)
  region size 1024K, 1 young (1024K), 1 survivors (1024K)
 Metaspace       used 42307K, committed 42624K, reserved 1089536K
  class space    used 4713K, committed 4864K, reserved 1048576K
}
Event: 124.890 GC heap before
{Heap before GC invocations=33 (full 0):
 garbage-first heap   total 61440K, used 47989K [0x0000000081c00000, 0x0000000100000000)
  region size 1024K, 22 young (22528K), 1 survivors (1024K)
 Metaspace       used 42328K, committed 42624K, reserved 1089536K
  class space    used 4714K, committed 4864K, reserved 1048576K
}
Event: 124.892 GC heap after
{Heap after GC invocations=34 (full 0):
 garbage-first heap   total 61440K, used 28069K [0x0000000081c00000, 0x0000000100000000)
  region size 1024K, 2 young (2048K), 2 survivors (2048K)
 Metaspace       used 42328K, committed 42624K, reserved 1089536K
  class space    used 4714K, committed 4864K, reserved 1048576K
}
Event: 127.468 GC heap before
{Heap before GC invocations=35 (full 0):
 garbage-first heap   total 61440K, used 46501K [0x0000000081c00000, 0x0000000100000000)
  region size 1024K, 21 young (21504K), 2 survivors (2048K)
 Metaspace       used 42328K, committed 42624K, reserved 1089536K
  class space    used 4714K, committed 4864K, reserved 1048576K
}
Event: 127.470 GC heap after
{Heap after GC invocations=36 (full 0):
 garbage-first heap   total 61440K, used 28004K [0x0000000081c00000, 0x0000000100000000)
  region size 1024K, 2 young (2048K), 2 survivors (2048K)
 Metaspace       used 42328K, committed 42624K, reserved 1089536K
  class space    used 4714K, committed 4864K, reserved 1048576K
}
Event: 130.459 GC heap before
{Heap before GC invocations=36 (full 0):
 garbage-first heap   total 61440K, used 47460K [0x0000000081c00000, 0x0000000100000000)
  region size 1024K, 22 young (22528K), 2 survivors (2048K)
 Metaspace       used 42332K, committed 42624K, reserved 1089536K
  class space    used 4714K, committed 4864K, reserved 1048576K
}
Event: 130.461 GC heap after
{Heap after GC invocations=37 (full 0):
 garbage-first heap   total 61440K, used 28004K [0x0000000081c00000, 0x0000000100000000)
  region size 1024K, 2 young (2048K), 2 survivors (2048K)
 Metaspace       used 42332K, committed 42624K, reserved 1089536K
  class space    used 4714K, committed 4864K, reserved 1048576K
}
Event: 214.691 GC heap before
{Heap before GC invocations=38 (full 0):
 garbage-first heap   total 61440K, used 43364K [0x0000000081c00000, 0x0000000100000000)
  region size 1024K, 19 young (19456K), 2 survivors (2048K)
 Metaspace       used 42359K, committed 42688K, reserved 1089536K
  class space    used 4715K, committed 4864K, reserved 1048576K
}
Event: 214.693 GC heap after
{Heap after GC invocations=39 (full 0):
 garbage-first heap   total 61440K, used 27710K [0x0000000081c00000, 0x0000000100000000)
  region size 1024K, 1 young (1024K), 1 survivors (1024K)
 Metaspace       used 42359K, committed 42688K, reserved 1089536K
  class space    used 4715K, committed 4864K, reserved 1048576K
}

Deoptimization events (20 events):
Event: 214.689 Thread 0x0000020b7f7db580 Uncommon trap: trap_request=0xffffff45 fr.pc=0x0000020b07d7bf24 relative=0x00000000000014a4
Event: 214.689 Thread 0x0000020b7f7db580 Uncommon trap: reason=unstable_if action=reinterpret pc=0x0000020b07d7bf24 method=io.netty.util.concurrent.FastThreadLocal.get()Ljava/lang/Object; @ 17 c2
Event: 214.689 Thread 0x0000020b7f7db580 DEOPT PACKING pc=0x0000020b07d7bf24 sp=0x000000f2573fdbd0
Event: 214.689 Thread 0x0000020b7f7db580 DEOPT UNPACKING pc=0x0000020b000523a3 sp=0x000000f2573fd9e8 mode 2
Event: 214.691 Thread 0x0000020b7f7db580 Uncommon trap: trap_request=0xffffff45 fr.pc=0x0000020b07d92318 relative=0x0000000000000818
Event: 214.691 Thread 0x0000020b7f7db580 Uncommon trap: reason=unstable_if action=reinterpret pc=0x0000020b07d92318 method=java.util.concurrent.ThreadLocalRandom.current()Ljava/util/concurrent/ThreadLocalRandom; @ 12 c2
Event: 214.691 Thread 0x0000020b7f7db580 DEOPT PACKING pc=0x0000020b07d92318 sp=0x000000f2573fdc20
Event: 214.691 Thread 0x0000020b7f7db580 DEOPT UNPACKING pc=0x0000020b000523a3 sp=0x000000f2573fda38 mode 2
Event: 214.691 Thread 0x0000020b7f7db580 Uncommon trap: trap_request=0xffffff45 fr.pc=0x0000020b07d88960 relative=0x0000000000000060
Event: 214.691 Thread 0x0000020b7f7db580 Uncommon trap: reason=unstable_if action=reinterpret pc=0x0000020b07d88960 method=io.netty.channel.DefaultChannelPipeline.estimatorHandle()Lio/netty/channel/MessageSizeEstimator$Handle; @ 6 c2
Event: 214.691 Thread 0x0000020b7f7db580 DEOPT PACKING pc=0x0000020b07d88960 sp=0x000000f2573fdca0
Event: 214.691 Thread 0x0000020b7f7db580 DEOPT UNPACKING pc=0x0000020b000523a3 sp=0x000000f2573fdc30 mode 2
Event: 214.691 Thread 0x0000020b7f7db580 Uncommon trap: trap_request=0xffffff45 fr.pc=0x0000020b07cdbe04 relative=0x00000000000004a4
Event: 214.691 Thread 0x0000020b7f7db580 Uncommon trap: reason=unstable_if action=reinterpret pc=0x0000020b07cdbe04 method=io.netty.util.concurrent.FastThreadLocal.get()Ljava/lang/Object; @ 17 c2
Event: 214.691 Thread 0x0000020b7f7db580 DEOPT PACKING pc=0x0000020b07cdbe04 sp=0x000000f2573fdb60
Event: 214.691 Thread 0x0000020b7f7db580 DEOPT UNPACKING pc=0x0000020b000523a3 sp=0x000000f2573fdac8 mode 2
Event: 214.695 Thread 0x0000020b7f7db580 Uncommon trap: trap_request=0xffffff45 fr.pc=0x0000020b07d72ea0 relative=0x0000000000001960
Event: 214.695 Thread 0x0000020b7f7db580 Uncommon trap: reason=unstable_if action=reinterpret pc=0x0000020b07d72ea0 method=io.netty.util.concurrent.FastThreadLocal.get()Ljava/lang/Object; @ 17 c2
Event: 214.695 Thread 0x0000020b7f7db580 DEOPT PACKING pc=0x0000020b07d72ea0 sp=0x000000f2573fdeb0
Event: 214.695 Thread 0x0000020b7f7db580 DEOPT UNPACKING pc=0x0000020b000523a3 sp=0x000000f2573fdb98 mode 2

Classes unloaded (0 events):
No events

Classes redefined (1 events):
Event: 259.549 Thread 0x0000020b7d14f1a0 redefined class name=com.aspire.guidewire.pages.SubmissionDeclinedPage, count=1

Internal exceptions (20 events):
Event: 4.475 Thread 0x0000020b7f7d9d70 Exception <a 'java/net/SocketException'{0x00000000845f6538}: Socket is not connected: shutdown> (0x00000000845f6538) 
thrown [e:\jenkins\tmp\workspace\build\src\src\hotspot\share\prims\jni.cpp, line 535]
Event: 4.520 Thread 0x0000020b10399630 Exception <a 'java/lang/NoSuchMethodError'{0x00000000845c7538}: 'void java.lang.invoke.DirectMethodHandle$Holder.invokeStatic(java.lang.Object, long)'> (0x00000000845c7538) 
thrown [e:\jenkins\tmp\workspace\build\src\src\hotspot\share\interpreter\linkResolver.cpp, line 766]
Event: 4.521 Thread 0x0000020b10399630 Exception <a 'java/lang/NoSuchMethodError'{0x00000000845cc8e0}: 'java.lang.Object java.lang.invoke.DirectMethodHandle$Holder.newInvokeSpecial(java.lang.Object, long)'> (0x00000000845cc8e0) 
thrown [e:\jenkins\tmp\workspace\build\src\src\hotspot\share\interpreter\linkResolver.cpp, line 766]
Event: 4.523 Thread 0x0000020b10399630 Exception <a 'java/lang/NoSuchMethodError'{0x00000000844027d0}: 'java.lang.Object java.lang.invoke.DirectMethodHandle$Holder.invokeStatic(java.lang.Object, java.lang.Object, long, java.lang.Object)'> (0x00000000844027d0) 
thrown [e:\jenkins\tmp\workspace\build\src\src\hotspot\share\interpreter\linkResolver.cpp, line 766]
Event: 4.523 Thread 0x0000020b10399630 Exception <a 'java/lang/NoSuchMethodError'{0x0000000084405fc0}: 'java.lang.Object java.lang.invoke.DirectMethodHandle$Holder.invokeStaticInit(java.lang.Object, java.lang.Object, long, java.lang.Object)'> (0x0000000084405fc0) 
thrown [e:\jenkins\tmp\workspace\build\src\src\hotspot\share\interpreter\linkResolver.cpp, line 766]
Event: 4.524 Thread 0x0000020b10399630 Exception <a 'java/lang/NoSuchMethodError'{0x000000008440c008}: 'java.lang.Object java.lang.invoke.DirectMethodHandle$Holder.newInvokeSpecial(java.lang.Object, java.lang.Object, long)'> (0x000000008440c008) 
thrown [e:\jenkins\tmp\workspace\build\src\src\hotspot\share\interpreter\linkResolver.cpp, line 766]
Event: 4.524 Thread 0x0000020b10399630 Exception <a 'java/lang/NoSuchMethodError'{0x000000008440fb78}: 'java.lang.Object java.lang.invoke.Invokers$Holder.linkToTargetMethod(java.lang.Object, long, java.lang.Object)'> (0x000000008440fb78) 
thrown [e:\jenkins\tmp\workspace\build\src\src\hotspot\share\interpreter\linkResolver.cpp, line 766]
Event: 4.568 Thread 0x0000020b7f7d9d70 Exception <a 'java/net/ConnectException'{0x00000000845f74d0}: Connection refused: no further information> (0x00000000845f74d0) 
thrown [e:\jenkins\tmp\workspace\build\src\src\hotspot\share\prims\jni.cpp, line 535]
Event: 4.568 Thread 0x0000020b7f7d9d70 Exception <a 'java/net/SocketException'{0x00000000845f7808}: Socket is not connected: shutdown> (0x00000000845f7808) 
thrown [e:\jenkins\tmp\workspace\build\src\src\hotspot\share\prims\jni.cpp, line 535]
Event: 4.767 Thread 0x0000020b7f492480 Exception <a 'java/lang/NoSuchMethodError'{0x00000000844fce38}: 'double java.lang.invoke.DirectMethodHandle$Holder.invokeVirtual(java.lang.Object, java.lang.Object)'> (0x00000000844fce38) 
thrown [e:\jenkins\tmp\workspace\build\src\src\hotspot\share\interpreter\linkResolver.cpp, line 766]
Event: 4.768 Thread 0x0000020b7f492480 Exception <a 'java/lang/NoSuchMethodError'{0x0000000084303a80}: 'float java.lang.invoke.DirectMethodHandle$Holder.invokeVirtual(java.lang.Object, java.lang.Object)'> (0x0000000084303a80) 
thrown [e:\jenkins\tmp\workspace\build\src\src\hotspot\share\interpreter\linkResolver.cpp, line 766]
Event: 4.770 Thread 0x0000020b7f492480 Exception <a 'java/lang/NoSuchMethodError'{0x000000008430ca60}: 'long java.lang.invoke.DirectMethodHandle$Holder.invokeVirtual(java.lang.Object, java.lang.Object)'> (0x000000008430ca60) 
thrown [e:\jenkins\tmp\workspace\build\src\src\hotspot\share\interpreter\linkResolver.cpp, line 766]
Event: 4.816 Thread 0x0000020b7f492480 Exception <a 'java/lang/NoSuchMethodError'{0x00000000842747a0}: 'void java.lang.invoke.DirectMethodHandle$Holder.invokeStatic(java.lang.Object, java.lang.Object, int)'> (0x00000000842747a0) 
thrown [e:\jenkins\tmp\workspace\build\src\src\hotspot\share\interpreter\linkResolver.cpp, line 766]
Event: 4.858 Thread 0x0000020b7f492480 Exception <a 'java/lang/NoSuchMethodError'{0x00000000840377b8}: 'int java.lang.invoke.DirectMethodHandle$Holder.invokeSpecialIFC(java.lang.Object, java.lang.Object, java.lang.Object)'> (0x00000000840377b8) 
thrown [e:\jenkins\tmp\workspace\build\src\src\hotspot\share\interpreter\linkResolver.cpp, line 766]
Event: 4.945 Thread 0x0000020b7f492480 Exception <a 'java/lang/NoSuchMethodError'{0x0000000089b57318}: 'void java.lang.invoke.DirectMethodHandle$Holder.invokeSpecial(java.lang.Object, java.lang.Object, java.lang.Object, java.lang.Object, java.lang.Object, java.lang.Object)'> (0x0000000089b57318) 
thrown [e:\jenkins\tmp\workspace\build\src\src\hotspot\share\interpreter\linkResolver.cpp, line 766]
Event: 10.107 Thread 0x0000020b7f492480 Exception <a 'java/lang/NoSuchMethodError'{0x000000008901bf10}: 'java.lang.Object java.lang.invoke.DirectMethodHandle$Holder.invokeSpecialIFC(java.lang.Object, java.lang.Object, java.lang.Object)'> (0x000000008901bf10) 
thrown [e:\jenkins\tmp\workspace\build\src\src\hotspot\share\interpreter\linkResolver.cpp, line 766]
Event: 10.136 Thread 0x0000020b7f492480 Exception <a 'java/lang/ClassNotFoundException'{0x00000000890b1f18}: sun/util/logging/resources/spi/loggingProvider> (0x00000000890b1f18) 
thrown [e:\jenkins\tmp\workspace\build\src\src\hotspot\share\classfile\systemDictionary.cpp, line 256]
Event: 17.000 Thread 0x0000020b7f492480 Exception <a 'java/lang/NoSuchMethodError'{0x0000000083de76d0}: 'java.lang.Object java.lang.invoke.Invokers$Holder.invoke_MT(java.lang.Object, java.lang.Object, java.lang.Object)'> (0x0000000083de76d0) 
thrown [e:\jenkins\tmp\workspace\build\src\src\hotspot\share\interpreter\linkResolver.cpp, line 766]
Event: 17.122 Thread 0x0000020b7f492480 Implicit null exception at 0x0000020b07b99659 to 0x0000020b07b998f8
Event: 18.378 Thread 0x0000020b7f492480 Exception <a 'java/lang/ClassNotFoundException'{0x00000000851ec500}: sun/misc/SharedSecrets> (0x00000000851ec500) 
thrown [e:\jenkins\tmp\workspace\build\src\src\hotspot\share\classfile\systemDictionary.cpp, line 256]

VM Operations (20 events):
Event: 220.580 Executing VM operation: ChangeSingleStep
Event: 220.580 Executing VM operation: ChangeSingleStep done
Event: 220.588 Executing VM operation: get/set locals
Event: 220.588 Executing VM operation: get/set locals done
Event: 222.600 Executing VM operation: Cleanup
Event: 222.600 Executing VM operation: Cleanup done
Event: 247.956 Executing VM operation: get/set locals
Event: 247.956 Executing VM operation: get/set locals done
Event: 259.526 Executing VM operation: ChangeSingleStep
Event: 259.526 Executing VM operation: ChangeSingleStep done
Event: 259.526 Executing VM operation: ChangeSingleStep
Event: 259.526 Executing VM operation: ChangeSingleStep done
Event: 259.535 Executing VM operation: RedefineClasses
Event: 259.573 Executing VM operation: RedefineClasses done
Event: 259.574 Executing VM operation: ChangeSingleStep
Event: 259.574 Executing VM operation: ChangeSingleStep done
Event: 259.574 Executing VM operation: get/set locals
Event: 259.574 Executing VM operation: get/set locals done
Event: 259.576 Executing VM operation: ChangeSingleStep
Event: 259.576 Executing VM operation: ChangeSingleStep done

Events (20 events):
Event: 17.001 loading class sun/nio/ch/FileChannelImpl$DefaultUnmapper done
Event: 17.001 loading class sun/nio/ch/Util$4
Event: 17.001 loading class sun/nio/ch/Util$4 done
Event: 17.008 loading class sun/security/util/ManifestEntryVerifier
Event: 17.009 loading class sun/security/util/ManifestEntryVerifier done
Event: 18.375 loading class java/util/stream/SortedOps$RefSortingSink
Event: 18.375 loading class java/util/stream/SortedOps$RefSortingSink done
Event: 18.378 loading class sun/misc/SharedSecrets
Event: 18.378 loading class sun/misc/SharedSecrets done
Event: 30.120 loading class java/lang/StringUTF16$CodePointsSpliterator
Event: 30.120 loading class java/lang/StringUTF16$CodePointsSpliterator done
Event: 64.757 loading class java/util/IdentityHashMap$KeyIterator
Event: 64.758 loading class java/util/IdentityHashMap$IdentityHashMapIterator
Event: 64.758 loading class java/util/IdentityHashMap$IdentityHashMapIterator done
Event: 64.758 loading class java/util/IdentityHashMap$KeyIterator done
Event: 64.758 Thread 0x0000020b7f7d9d70 Thread exited: 0x0000020b7f7d9d70
Event: 70.193 Thread 0x0000020b106d2840 Thread exited: 0x0000020b106d2840
Event: 120.026 loading class jdk/internal/misc/ScopedMemoryAccess$Scope$Handle
Event: 120.026 loading class jdk/internal/misc/ScopedMemoryAccess$Scope$Handle done
Event: 214.685 Thread 0x0000020b7f7db580 Thread added: 0x0000020b7f7db580


Dynamic libraries:
0x00007ff6cd390000 - 0x00007ff6cd39e000 	C:\Users\manikandan.manohar\.p2\pool\plugins\org.eclipse.justj.openjdk.hotspot.jre.full.win32.x86_64_17.0.2.v20220201-1208\jre\bin\javaw.exe
0x00007ff856ad0000 - 0x00007ff856cc8000 	C:\Windows\SYSTEM32\ntdll.dll
0x00007ff8569d0000 - 0x00007ff856a8d000 	C:\Windows\System32\KERNEL32.DLL
0x00007ff8542c0000 - 0x00007ff85458e000 	C:\Windows\System32\KERNELBASE.dll
0x00007ff854600000 - 0x00007ff854700000 	C:\Windows\System32\ucrtbase.dll
0x00007ff836140000 - 0x00007ff836159000 	C:\Users\manikandan.manohar\.p2\pool\plugins\org.eclipse.justj.openjdk.hotspot.jre.full.win32.x86_64_17.0.2.v20220201-1208\jre\bin\VCRUNTIME140.dll
0x00007ff8392b0000 - 0x00007ff8392c8000 	C:\Users\manikandan.manohar\.p2\pool\plugins\org.eclipse.justj.openjdk.hotspot.jre.full.win32.x86_64_17.0.2.v20220201-1208\jre\bin\jli.dll
0x00007ff855f80000 - 0x00007ff856120000 	C:\Windows\System32\USER32.dll
0x00007ff854700000 - 0x00007ff854722000 	C:\Windows\System32\win32u.dll
0x00007ff856780000 - 0x00007ff8567aa000 	C:\Windows\System32\GDI32.dll
0x00007ff8547e0000 - 0x00007ff8548eb000 	C:\Windows\System32\gdi32full.dll
0x00007ff8541f0000 - 0x00007ff85428d000 	C:\Windows\System32\msvcp_win.dll
0x00007ff83c3e0000 - 0x00007ff83c67a000 	C:\Windows\WinSxS\amd64_microsoft.windows.common-controls_6595b64144ccf1df_6.0.19041.1110_none_60b5254171f9507e\COMCTL32.dll
0x00007ff855e10000 - 0x00007ff855eae000 	C:\Windows\System32\msvcrt.dll
0x00007ff8567b0000 - 0x00007ff8567e0000 	C:\Windows\System32\IMM32.DLL
0x00007ff83d400000 - 0x00007ff83d40c000 	C:\Users\manikandan.manohar\.p2\pool\plugins\org.eclipse.justj.openjdk.hotspot.jre.full.win32.x86_64_17.0.2.v20220201-1208\jre\bin\vcruntime140_1.dll
0x00007ff831ea0000 - 0x00007ff831f31000 	C:\Users\manikandan.manohar\.p2\pool\plugins\org.eclipse.justj.openjdk.hotspot.jre.full.win32.x86_64_17.0.2.v20220201-1208\jre\bin\msvcp140.dll
0x00007ffff38e0000 - 0x00007ffff4527000 	C:\Users\manikandan.manohar\.p2\pool\plugins\org.eclipse.justj.openjdk.hotspot.jre.full.win32.x86_64_17.0.2.v20220201-1208\jre\bin\server\jvm.dll
0x00007ff855ed0000 - 0x00007ff855f7e000 	C:\Windows\System32\ADVAPI32.dll
0x00007ff855aa0000 - 0x00007ff855b3c000 	C:\Windows\System32\sechost.dll
0x00007ff855ce0000 - 0x00007ff855e05000 	C:\Windows\System32\RPCRT4.dll
0x00007ff854c10000 - 0x00007ff854c18000 	C:\Windows\System32\PSAPI.DLL
0x00007ff84e040000 - 0x00007ff84e049000 	C:\Windows\SYSTEM32\WSOCK32.dll
0x00007ff856120000 - 0x00007ff85618b000 	C:\Windows\System32\WS2_32.dll
0x00007ff83f430000 - 0x00007ff83f457000 	C:\Windows\SYSTEM32\WINMM.dll
0x00007ff8495d0000 - 0x00007ff8495da000 	C:\Windows\SYSTEM32\VERSION.dll
0x00007ff8520e0000 - 0x00007ff8520f2000 	C:\Windows\SYSTEM32\kernel.appcore.dll
0x00007ff83d3f0000 - 0x00007ff83d3fa000 	C:\Users\manikandan.manohar\.p2\pool\plugins\org.eclipse.justj.openjdk.hotspot.jre.full.win32.x86_64_17.0.2.v20220201-1208\jre\bin\jimage.dll
0x00007ff83df60000 - 0x00007ff83e144000 	C:\Windows\SYSTEM32\DBGHELP.DLL
0x00007ff83df30000 - 0x00007ff83df5c000 	C:\Windows\SYSTEM32\dbgcore.DLL
0x00007ff8548f0000 - 0x00007ff854972000 	C:\Windows\System32\bcryptPrimitives.dll
0x00007ff839590000 - 0x00007ff8395cb000 	C:\Users\manikandan.manohar\.p2\pool\plugins\org.eclipse.justj.openjdk.hotspot.jre.full.win32.x86_64_17.0.2.v20220201-1208\jre\bin\jdwp.dll
0x00007ff8392d0000 - 0x00007ff8392f5000 	C:\Users\manikandan.manohar\.p2\pool\plugins\org.eclipse.justj.openjdk.hotspot.jre.full.win32.x86_64_17.0.2.v20220201-1208\jre\bin\java.dll
0x00007ff839290000 - 0x00007ff8392a8000 	C:\Users\manikandan.manohar\.p2\pool\plugins\org.eclipse.justj.openjdk.hotspot.jre.full.win32.x86_64_17.0.2.v20220201-1208\jre\bin\zip.dll
0x00007ff8552f0000 - 0x00007ff855a33000 	C:\Windows\System32\SHELL32.dll
0x00007ff8522e0000 - 0x00007ff852a75000 	C:\Windows\SYSTEM32\windows.storage.dll
0x00007ff856190000 - 0x00007ff8564e4000 	C:\Windows\System32\combase.dll
0x00007ff853c50000 - 0x00007ff853c80000 	C:\Windows\SYSTEM32\Wldp.dll
0x00007ff855090000 - 0x00007ff85513d000 	C:\Windows\System32\SHCORE.dll
0x00007ff855b60000 - 0x00007ff855bb5000 	C:\Windows\System32\shlwapi.dll
0x00007ff854130000 - 0x00007ff85414f000 	C:\Windows\SYSTEM32\profapi.dll
0x00007ff84fee0000 - 0x00007ff84feec000 	C:\Users\manikandan.manohar\.p2\pool\plugins\org.eclipse.justj.openjdk.hotspot.jre.full.win32.x86_64_17.0.2.v20220201-1208\jre\bin\dt_socket.dll
0x00007ff853650000 - 0x00007ff85368b000 	C:\Windows\SYSTEM32\IPHLPAPI.DLL
0x00007ff8539b0000 - 0x00007ff853a1a000 	C:\Windows\system32\mswsock.dll
0x00007ff853690000 - 0x00007ff85375a000 	C:\Windows\SYSTEM32\DNSAPI.dll
0x00007ff855b40000 - 0x00007ff855b48000 	C:\Windows\System32\NSI.dll
0x00007ff849320000 - 0x00007ff84932a000 	C:\Windows\System32\rasadhlp.dll
0x00007ff84b6a0000 - 0x00007ff84b720000 	C:\Windows\System32\fwpuclnt.dll
0x00007ff854290000 - 0x00007ff8542b7000 	C:\Windows\System32\bcrypt.dll
0x00007ff838f90000 - 0x00007ff838fa9000 	C:\Users\manikandan.manohar\.p2\pool\plugins\org.eclipse.justj.openjdk.hotspot.jre.full.win32.x86_64_17.0.2.v20220201-1208\jre\bin\net.dll
0x00007ff848cb0000 - 0x00007ff848dba000 	C:\Windows\SYSTEM32\WINHTTP.dll
0x00007ff838f70000 - 0x00007ff838f85000 	C:\Users\manikandan.manohar\.p2\pool\plugins\org.eclipse.justj.openjdk.hotspot.jre.full.win32.x86_64_17.0.2.v20220201-1208\jre\bin\nio.dll
0x00007ff839770000 - 0x00007ff839780000 	C:\Users\manikandan.manohar\.p2\pool\plugins\org.eclipse.justj.openjdk.hotspot.jre.full.win32.x86_64_17.0.2.v20220201-1208\jre\bin\verify.dll
0x00007ff853ba0000 - 0x00007ff853bb8000 	C:\Windows\SYSTEM32\CRYPTSP.dll
0x00007ff8532c0000 - 0x00007ff8532f4000 	C:\Windows\system32\rsaenh.dll
0x00007ff8540f0000 - 0x00007ff85411e000 	C:\Windows\SYSTEM32\USERENV.dll
0x00007ff853bc0000 - 0x00007ff853bcc000 	C:\Windows\SYSTEM32\CRYPTBASE.dll
0x00007ff84a500000 - 0x00007ff84a517000 	C:\Windows\SYSTEM32\dhcpcsvc6.DLL
0x00007ff84ae40000 - 0x00007ff84ae5d000 	C:\Windows\SYSTEM32\dhcpcsvc.DLL
0x00007ff8395d0000 - 0x00007ff8395d9000 	C:\Users\manikandan.manohar\.p2\pool\plugins\org.eclipse.justj.openjdk.hotspot.jre.full.win32.x86_64_17.0.2.v20220201-1208\jre\bin\management.dll
0x00007ff8362a0000 - 0x00007ff8362ab000 	C:\Users\manikandan.manohar\.p2\pool\plugins\org.eclipse.justj.openjdk.hotspot.jre.full.win32.x86_64_17.0.2.v20220201-1208\jre\bin\management_ext.dll
0x00007ff83bf50000 - 0x00007ff83bf67000 	C:\Windows\system32\napinsp.dll
0x00007ff83bf70000 - 0x00007ff83bf8b000 	C:\Windows\system32\pnrpnsp.dll
0x00007ff84cf50000 - 0x00007ff84cf65000 	C:\Windows\system32\wshbth.dll
0x00007ff84fcf0000 - 0x00007ff84fd0d000 	C:\Windows\system32\NLAapi.dll
0x00007ff83bf90000 - 0x00007ff83bfa2000 	C:\Windows\System32\winrnr.dll
0x00007ff836270000 - 0x00007ff83627e000 	C:\Users\manikandan.manohar\.p2\pool\plugins\org.eclipse.justj.openjdk.hotspot.jre.full.win32.x86_64_17.0.2.v20220201-1208\jre\bin\sunmscapi.dll
0x00007ff8549d0000 - 0x00007ff854b26000 	C:\Windows\System32\CRYPT32.dll
0x00007ff853cc0000 - 0x00007ff853ce7000 	C:\Windows\SYSTEM32\ncrypt.dll
0x00007ff853c80000 - 0x00007ff853cbb000 	C:\Windows\SYSTEM32\NTASN1.dll
0x00007ff84fe80000 - 0x00007ff84fe87000 	C:\Windows\system32\wshunix.dll

dbghelp: loaded successfully - version: 4.0.5 - missing functions: none
symbol engine: initialized successfully - sym options: 0x614 - pdb path: .;C:\Users\manikandan.manohar\.p2\pool\plugins\org.eclipse.justj.openjdk.hotspot.jre.full.win32.x86_64_17.0.2.v20220201-1208\jre\bin;C:\Windows\SYSTEM32;C:\Windows\WinSxS\amd64_microsoft.windows.common-controls_6595b64144ccf1df_6.0.19041.1110_none_60b5254171f9507e;C:\Users\manikandan.manohar\.p2\pool\plugins\org.eclipse.justj.openjdk.hotspot.jre.full.win32.x86_64_17.0.2.v20220201-1208\jre\bin\server

VM Arguments:
jvm_args: -XX:+ShowCodeDetailsInExceptionMessages -agentlib:jdwp=transport=dt_socket,suspend=y,address=localhost:57007 -ea -Dfile.encoding=Cp1252 
java_command: org.testng.remote.RemoteTestNG -serport 50275 -protocol json -d D:\latest\guidewireTestAutomationSuite\test-output D:\latest\guidewireTestAutomationSuite\testxml\sample.xml
java_class_path (initial): C:\Users\manikandan.manohar\eclipse\java-2021-12\eclipse\configuration\org.eclipse.osgi\432\0\.cp\lib\testng-remote.jar;D:\latest\guidewireTestAutomationSuite\target\test-classes;D:\latest\guidewireTestAutomationSuite\target\classes;C:\Users\manikandan.manohar\.m2\repository\org\testng\testng\7.5\testng-7.5.jar;C:\Users\manikandan.manohar\.m2\repository\com\google\code\findbugs\jsr305\3.0.1\jsr305-3.0.1.jar;C:\Users\manikandan.manohar\.m2\repository\com\beust\jcommander\1.78\jcommander-1.78.jar;C:\Users\manikandan.manohar\.m2\repository\org\webjars\jquery\3.5.1\jquery-3.5.1.jar;C:\Users\manikandan.manohar\.m2\repository\net\lightbody\bmp\browsermob-core\2.1.0-beta-2\browsermob-core-2.1.0-beta-2.jar;C:\Users\manikandan.manohar\.m2\repository\com\fasterxml\jackson\core\jackson-core\2.4.4\jackson-core-2.4.4.jar;C:\Users\manikandan.manohar\.m2\repository\com\fasterxml\jackson\core\jackson-databind\2.4.4\jackson-databind-2.4.4.jar;C:\Users\manikandan.manohar\.m2\repository\com\fasterxml\jackson\core\jackson-annotations\2.4.4\jackson-annotations-2.4.4.jar;C:\Users\manikandan.manohar\.m2\repository\org\slf4j\jcl-over-slf4j\1.7.12\jcl-over-slf4j-1.7.12.jar;C:\Users\manikandan.manohar\.m2\repository\org\apache\httpcomponents\httpclient\4.3.4\httpclient-4.3.4.jar;C:\Users\manikandan.manohar\.m2\repository\org\apache\httpcomponents\httpmime\4.3.4\httpmime-4.3.4.jar;C:\Users\manikandan.manohar\.m2\repository\commons-io\commons-io\2.4\commons-io-2.4.jar;C:\Users\manikandan.manohar\.m2\repository\net\sf\uadetector\uadetector-resources\2014.10\uadetector-resources-2014.10.jar;C:\Users\manikandan.manohar\.m2\repository\net\sf\uadetector\uadetector-core\0.9.22\uadetector-core-0.9.22.jar;C:\Users\manikandan.manohar\.m2\repository\net\sf\qualitycheck\quality-check\1.3\quality-check-1.3.jar;C:\Users\manikandan.manohar\.m2\repository\javax\annotation\jsr250-api\1.0\jsr250-api-1.0.jar;C:\Users\manikandan.manohar\.m2\repository\javax\servlet\servlet-api\2.5\se
Launcher Type: SUN_STANDARD

[Global flags]
     intx CICompilerCount                          = 3                                         {product} {ergonomic}
     uint ConcGCThreads                            = 1                                         {product} {ergonomic}
     uint G1ConcRefinementThreads                  = 4                                         {product} {ergonomic}
   size_t G1HeapRegionSize                         = 1048576                                   {product} {ergonomic}
    uintx GCDrainStackTargetSize                   = 64                                        {product} {ergonomic}
   size_t InitialHeapSize                          = 134217728                                 {product} {ergonomic}
   size_t MarkStackSize                            = 4194304                                   {product} {ergonomic}
   size_t MaxHeapSize                              = 2118123520                                {product} {ergonomic}
   size_t MaxNewSize                               = 1270874112                                {product} {ergonomic}
   size_t MinHeapDeltaBytes                        = 1048576                                   {product} {ergonomic}
   size_t MinHeapSize                              = 8388608                                   {product} {ergonomic}
    uintx NonNMethodCodeHeapSize                   = 5832780                                {pd product} {ergonomic}
    uintx NonProfiledCodeHeapSize                  = 122912730                              {pd product} {ergonomic}
    uintx ProfiledCodeHeapSize                     = 122912730                              {pd product} {ergonomic}
    uintx ReservedCodeCacheSize                    = 251658240                              {pd product} {ergonomic}
     bool SegmentedCodeCache                       = true                                      {product} {ergonomic}
     bool ShowCodeDetailsInExceptionMessages       = true                                   {manageable} {command line}
   size_t SoftMaxHeapSize                          = 2118123520                             {manageable} {ergonomic}
     bool UseCompressedClassPointers               = true                           {product lp64_product} {ergonomic}
     bool UseCompressedOops                        = true                           {product lp64_product} {ergonomic}
     bool UseG1GC                                  = true                                      {product} {ergonomic}
     bool UseLargePagesIndividualAllocation        = false                                  {pd product} {ergonomic}

Logging:
Log output configuration:
 #0: stdout all=warning uptime,level,tags
 #1: stderr all=off uptime,level,tags

Environment Variables:
PATH=C:\Users\manikandan.manohar\.p2\pool\plugins\org.eclipse.justj.openjdk.hotspot.jre.full.win32.x86_64_17.0.2.v20220201-1208\jre\bin;C:/Users/manikandan.manohar/.p2/pool/plugins/org.eclipse.justj.openjdk.hotspot.jre.full.win32.x86_64_17.0.2.v20220201-1208/jre/bin/server;C:/Users/manikandan.manohar/.p2/pool/plugins/org.eclipse.justj.openjdk.hotspot.jre.full.win32.x86_64_17.0.2.v20220201-1208/jre/bin;C:\Program Files\Common Files\Oracle\Java\javapath;C:\Program Files\Securden\Securden_Agent\path\;C:\Windows\system32;C:\Windows;C:\Windows\System32\Wbem;C:\Windows\System32\WindowsPowerShell\v1.0\;C:\Windows\System32\OpenSSH\;C:\Program Files (x86)\Intel\Intel(R) Management Engine Components\DAL;C:\Program Files\Intel\Intel(R) Management Engine Components\DAL;C:\Program Files\Java\jdk-11.0.14\bin;C:\Users\manikandan.manohar\AppData\Local\Microsoft\WindowsApps;;C:\Users\manikandan.manohar\Desktop;
USERNAME=manikandan.manohar
OS=Windows_NT
PROCESSOR_IDENTIFIER=Intel64 Family 6 Model 78 Stepping 3, GenuineIntel



---------------  S Y S T E M  ---------------

OS:
 Windows 10 , 64 bit Build 19041 (10.0.19041.1889)
OS uptime: 0 days 5:12 hours

CPU: total 4 (initial active 4) (2 cores per cpu, 2 threads per core) family 6 model 78 stepping 3 microcode 0xcc, cx8, cmov, fxsr, ht, mmx, 3dnowpref, sse, sse2, sse3, ssse3, sse4.1, sse4.2, popcnt, lzcnt, tsc, tscinvbit, avx, avx2, aes, erms, clmul, bmi1, bmi2, adx, fma, vzeroupper, clflush, clflushopt

Memory: 4k page, system-wide physical 8075M (1298M free)
TotalPageFile size 11403M (AvailPageFile size 2400M)
current process WorkingSet (physical memory assigned to process): 222M, peak: 265M
current process commit charge ("private bytes"): 217M, peak: 240M

vm_info: OpenJDK 64-Bit Server VM (17.0.2+8) for windows-amd64 JRE (17.0.2+8), built on Jan 20 2022 04:52:34 by "" with MS VC++ 16.7 (VS2019)

END.
